vite.config.ts(2,19): error TS2307: Cannot find module '@vitejs/plugin-react' or its corresponding type declarations.
vite.config.ts(3,30): error TS2307: Cannot find module 'vite' or its corresponding type declarations.
vite.config.ts(4,36): error TS2307: Cannot find module 'vite-plugin-source-identifier' or its corresponding type declarations.
