src/App.tsx(3,129): error TS2307: Cannot find module 'lucide-react' or its corresponding type declarations.
src/App.tsx(26,53): error TS2304: Cannot find name 'PrecedentSearch'.
src/App.tsx(27,56): error TS2304: Cannot find name 'SettlementAnalysis'.
src/App.tsx(28,49): error TS2304: Cannot find name 'MultiPlayerScenarios'.
src/App.tsx(29,59): error TS2304: Cannot find name 'StrategicIntelligence'.
src/App.tsx(30,49): error TS2304: Cannot find name 'LegalTrends'.
src/App.tsx(31,55): error TS2304: Cannot find name 'CoalitionAnalysis'.
src/App.tsx(32,57): error TS2304: Cannot find name 'NegotiationModeling'.
src/App.tsx(33,52): error TS2304: Cannot find name 'CaseSimilarity'.
src/components/CasePrediction.tsx(2,80): error TS2307: Cannot find module 'lucide-react' or its corresponding type declarations.
src/components/DocumentAnalysis.tsx(2,85): error TS2307: Cannot find module 'lucide-react' or its corresponding type declarations.
src/components/ErrorBoundary.tsx(16,10): error TS2339: Property 'state' does not exist on type 'ErrorBoundary'.
src/components/ErrorBoundary.tsx(24,14): error TS2339: Property 'state' does not exist on type 'ErrorBoundary'.
src/components/ErrorBoundary.tsx(28,62): error TS2339: Property 'state' does not exist on type 'ErrorBoundary'.
src/components/ErrorBoundary.tsx(33,17): error TS2339: Property 'props' does not exist on type 'ErrorBoundary'.
src/components/JudgeAnalysis.tsx(2,74): error TS2307: Cannot find module 'lucide-react' or its corresponding type declarations.
src/components/NashEquilibrium.tsx(2,81): error TS2307: Cannot find module 'lucide-react' or its corresponding type declarations.
src/lib/utils.ts(1,34): error TS2307: Cannot find module 'clsx' or its corresponding type declarations.
src/lib/utils.ts(2,25): error TS2307: Cannot find module 'tailwind-merge' or its corresponding type declarations.
src/main.tsx(9,6): error TS2741: Property 'children' is missing in type '{}' but required in type '{ children: React.ReactNode; }'.
